android/build/outputs/mapping/release/seeds.txt
io.github.drawguess.android.AndroidLauncher
io.github.drawguess.model.GameSession$Status: io.github.drawguess.model.GameSession$Status valueOf(java.lang.String)
io.github.drawguess.android.AndroidLauncher: AndroidLauncher()
io.github.drawguess.model.ecs.components.ToolComponent$ToolType: io.github.drawguess.model.ecs.components.ToolComponent$ToolType[] values()
io.github.drawguess.model.GameSession$Status: io.github.drawguess.model.GameSession$Status[] values()
io.github.drawguess.model.ecs.components.ToolComponent$ToolType: io.github.drawguess.model.ecs.components.ToolComponent$ToolType valueOf(java.lang.String)
...
com.badlogic.gdx.scenes.scene2d.ui.Tree$Node: void findExpandedValues(com.badlogic.gdx.utils.Array)
com.badlogic.gdx.scenes.scene2d.actions.Actions: com.badlogic.gdx.scenes.scene2d.actions.ColorAction color(com.badlogic.gdx.graphics.Color,float)
com.badlogic.gdx.scenes.scene2d.ui.TextButton$TextButtonStyle: TextButton$TextButtonStyle(com.badlogic.gdx.scenes.scene2d.ui.TextButton$TextButtonStyle)
com.badlogic.gdx.graphics.Color: com.badlogic.gdx.graphics.Color fromHsv(float,float,float)
androidx.core.app.NotificationCompatBuilder$Api21Impl: android.app.Notification$Builder setPublicVersion(android.app.Notification$Builder,android.app.Notification)
okhttp3.TlsVersion: okhttp3.TlsVersion valueOf(java.lang.String)
com.google.protobuf.ProtoSyntax: com.google.protobuf.ProtoSyntax[] values()
com.badlogic.gdx.scenes.scene2d.ui.Stack: float getMinHeight()
com.badlogic.gdx.scenes.scene2d.utils.ActorGestureListener: com.badlogic.gdx.scenes.scene2d.Actor getTouchDownTarget()
com.badlogic.gdx.scenes.scene2d.ui.HorizontalGroup: com.badlogic.gdx.scenes.scene2d.ui.HorizontalGroup reverse(boolean)
okhttp3.OkHttpClient: OkHttpClient()
com.badlogic.gdx.scenes.scene2d.ui.Value: float get(com.badlogic.gdx.scenes.scene2d.Actor)
com.badlogic.gdx.scenes.scene2d.ui.Cell: com.badlogic.gdx.scenes.scene2d.ui.Cell spaceBottom(float)
com.badlogic.gdx.scenes.scene2d.ui.ScrollPane: void scrollTo(float,float,float,float)
com.google.firebase.storage.FirebaseStorageKtxRegistrar: java.util.List getComponents()
com.google.firebase.concurrent.SequentialExecutor$WorkerRunningState: com.google.firebase.concurrent.SequentialExecutor$WorkerRunningState valueOf(java.lang.String)
com.badlogic.gdx.scenes.scene2d.utils.ClickListener: void touchUp(com.badlogic.gdx.scenes.scene2d.InputEvent,float,float,int,int)
com.badlogic.gdx.scenes.scene2d.ui.Container: com.badlogic.gdx.scenes.scene2d.ui.Container padLeft(float)
com.badlogic.gdx.scenes.scene2d.ui.WidgetGroup: WidgetGroup(com.badlogic.gdx.scenes.scene2d.Actor[])
com.badlogic.gdx.scenes.scene2d.actions.AlphaAction: void begin()
com.badlogic.gdx.scenes.scene2d.ui.SelectBox: float getPrefWidth()
io.socket.client.Manager$ReadyState: io.socket.client.Manager$ReadyState[] values()
com.badlogic.gdx.scenes.scene2d.ui.ScrollPane: boolean isTopEdge()
io.socket.engineio.client.Socket$ReadyState: io.socket.engineio.client.Socket$ReadyState valueOf(java.lang.String)
androidx.core.view.WindowInsetsCompat$BuilderImpl20: void setStableInsets(androidx.core.graphics.Insets)
com.badlogic.gdx.math.Rectangle: float area()
com.badlogic.gdx.scenes.scene2d.ui.Cell: void setActorY(float)
com.badlogic.gdx.scenes.scene2d.ui.Cell: int getColumn()
com.badlogic.gdx.scenes.scene2d.ui.VerticalGroup: com.badlogic.gdx.scenes.scene2d.ui.VerticalGroup padRight(float)
com.badlogic.gdx.scenes.scene2d.ui.SplitPane: void addActor(com.badlogic.gdx.scenes.scene2d.Actor)
com.badlogic.gdx.scenes.scene2d.ui.Cell: com.badlogic.gdx.scenes.scene2d.ui.Cell growY()
androidx.core.app.RemoteActionCompatParcelizer: RemoteActionCompatParcelizer()
io.grpc.NameResolverProvider: NameResolverProvider()
com.badlogic.gdx.scenes.scene2d.ui.ProgressBar: void setProgrammaticChangeEvents(boolean)
com.google.android.gms.measurement.internal.AppMeasurementDynamiteService: void logEvent(java.lang.String,java.lang.String,android.os.Bundle,boolean,boolean,long)
com.badlogic.gdx.scenes.scene2d.ui.ScrollPane: void setFadeScrollBars(boolean)
com.badlogic.gdx.scenes.scene2d.ui.Table: void addDebugRect(float,float,float,float,com.badlogic.gdx.graphics.Color)
com.google.firebase.firestore.FirestoreRegistrar: FirestoreRegistrar()
com.badlogic.gdx.scenes.scene2d.actions.DelegateAction: com.badlogic.gdx.scenes.scene2d.Action getAction()
com.badlogic.gdx.scenes.scene2d.ui.ProgressBar$ProgressBarStyle: ProgressBar$ProgressBarStyle(com.badlogic.gdx.scenes.scene2d.ui.ProgressBar$ProgressBarStyle)