android/build/outputs/mapping/release/usage.txt
io.github.drawguess.R$color
io.github.drawguess.R$drawable
io.github.drawguess.R$string
io.github.drawguess.R$style
io.github.drawguess.R
io.github.drawguess.android.AndroidFirebase:
    public void sendGuess(java.lang.String)
io.github.drawguess.controller.DrawingController:
    public void dispose()
    public com.badlogic.gdx.graphics.Pixmap getCanvas()
    public com.badlogic.gdx.graphics.Texture getCanvasTexture()
io.github.drawguess.controller.GameController$$InternalSyntheticLambda$1$7ef4848952daf838eabfa8975f3a623b8c7d5d1e74138a4c46add4b0237e9ed7$0:
    public final void onLobbyUpdate(com.badlogic.gdx.utils.Array)
io.github.drawguess.controller.GameController:
    public static synthetic void $r8$lambda$3IDnq82tHAUQ-OIIgOTcL5aNmYI(io.github.drawguess.model.GameSession,com.badlogic.gdx.utils.Array)
    private static synthetic boolean lambda$createGame$0(java.lang.String,io.github.drawguess.model.Player)
    private static synthetic void lambda$createGame$1(io.github.drawguess.model.GameSession,com.badlogic.gdx.utils.Array)
io.github.drawguess.controller.JoinGameController$$InternalSyntheticLambda$1$1d9419b902e6dbba1d06c923fc6e37ba456101ab3164299e66779373de42b953$0:
    public final void onLobbyUpdate(com.badlogic.gdx.utils.Array)
io.github.drawguess.controller.JoinGameController:
    public static synthetic void $r8$lambda$9vmQA9zZQjfDN_J_6dcNOjo-VFA(io.github.drawguess.model.GameSession,com.badlogic.gdx.utils.Array)
    private static synthetic boolean lambda$tryJoinGame$0(java.lang.String,io.github.drawguess.model.Player)
    private static synthetic void lambda$tryJoinGame$1(io.github.drawguess.model.GameSession,com.badlogic.gdx.utils.Array)
io.github.drawguess.factory.PlayerFactory:
    public void <init>()
io.github.drawguess.factory.ToolButtonFactory:
    private static final float SELECTED_OFFSET
    public void <init>()
io.github.drawguess.manager.SocketManager$LobbyUpdateListener:
    public abstract void onLobbyUpdate(com.badlogic.gdx.utils.Array)
io.github.drawguess.manager.SocketManager:
    private static final java.lang.String SERVER_URL
    public void disconnect()
    public boolean isConnected()
io.github.drawguess.model.GameSession:
    public void addPlayer(io.github.drawguess.model.Player)
    public io.github.drawguess.model.GameSession$Status getStatus()
    public void setStatus(io.github.drawguess.model.GameSession$Status)
io.github.drawguess.model.Player:
    public int getScore()
    public boolean isHost()
    public void setHost(boolean)
    public void setScore(int)
io.github.drawguess.model.WordBank:
    public void addWord(java.lang.String)
    public java.util.List getAllWords()
io.github.drawguess.model.ecs.components.ToolComponent:
    public void <init>(io.github.drawguess.model.ecs.components.ToolComponent$ToolType)
io.github.drawguess.model.ecs.entities.ToolFactory:
    public void <init>()
    public static boolean isPen(io.github.drawguess.model.ecs.entities.Entity)
io.github.drawguess.model.ecs.systems.DrawingSystem:
    public void <init>()
io.github.drawguess.services.FirebaseInterface:
    public abstract void sendGuess(java.lang.String)
io.github.drawguess.view.GuessingScreen$1
io.github.drawguess.view.GuessingScreen
io.github.drawguess.view.LeaderboardScreen$1
io.github.drawguess.view.LeaderboardScreen
io.github.drawguess.view.LobbyScreen$$InternalSyntheticLambda$2$4c6625ce13b6b86e09232689fdc4faf57cf21dd27c43630f14a8af93fb8bf5ca$0:
    public final void onLobbyUpdate(com.badlogic.gdx.utils.Array)
io.github.drawguess.view.LobbyScreen:
    public static synthetic void $r8$lambda$gZWkCD2xCKSpBswvq6x0e83K9JA(io.github.drawguess.view.LobbyScreen,com.badlogic.gdx.utils.Array)
    private synthetic void lambda$show$0(com.badlogic.gdx.utils.Array)
io.github.drawguess.view.WaitingScreen:
    public void updatePlayerStatus(java.lang.String,boolean)
...
com.google.type.TimeOfDayOrBuilder
com.google.type.TimeOfDayProto
com.google.type.TimeZone$1
com.google.type.TimeZone$Builder
com.google.type.TimeZone
com.google.type.TimeZoneOrBuilder
firebase.com.protolitewrapper.BuildConfig
firebase.com.protolitewrapper.R
io.grpc.Attributes$Builder:
    public io.grpc.Attributes$Builder setAll(io.grpc.Attributes)
io.grpc.Attributes$Key:
    public static io.grpc.Attributes$Key of(java.lang.String)
io.grpc.Attributes:
    public java.util.Set keys()
    java.util.Set keysForTest()
    public static io.grpc.Attributes$Builder newBuilder(io.grpc.Attributes)
io.grpc.BinaryLog:
    public void <init>()
    public abstract io.grpc.ServerMethodDefinition wrapMethodDefinition(io.grpc.ServerMethodDefinition)
io.grpc.BindableService
io.grpc.CallCredentials$RequestInfo:
    public abstract java.lang.String getAuthority()
    public io.grpc.CallOptions getCallOptions()
    public abstract io.grpc.MethodDescriptor getMethodDescriptor()
    public abstract io.grpc.SecurityLevel getSecurityLevel()
    public abstract io.grpc.Attributes getTransportAttrs()
io.grpc.CallCredentials:
    public void thisUsesUnstableApi()
io.grpc.CallOptions$Key:
    public static io.grpc.CallOptions$Key createWithDefault(java.lang.String,java.lang.Object)
    public java.lang.Object getDefault()
    public static io.grpc.CallOptions$Key of(java.lang.String,java.lang.Object)
io.grpc.CallOptions:
    java.lang.Boolean getWaitForReady()
    public io.grpc.CallOptions withAuthority(java.lang.String)
    public io.grpc.CallOptions withCompression(java.lang.String)
    public io.grpc.CallOptions withDeadlineAfter(long,java.util.concurrent.TimeUnit)
io.grpc.ChannelCredentials:
    public void <init>()
    public abstract io.grpc.ChannelCredentials withoutBearerTokens()
io.grpc.ChoiceChannelCredentials
io.grpc.ChoiceServerCredentials
io.grpc.ClientCall:
    public io.grpc.Attributes getAttributes()
    public boolean isReady()
    public void setMessageCompression(boolean)
io.grpc.ClientInterceptors$1$1$1
io.grpc.ClientInterceptors$1$1
io.grpc.ClientInterceptors$1:
    final synthetic io.grpc.ClientInterceptor val$interceptor
    final synthetic io.grpc.MethodDescriptor$Marshaller val$reqMarshaller
    final synthetic io.grpc.MethodDescriptor$Marshaller val$respMarshaller
    void <init>(io.grpc.MethodDescriptor$Marshaller,io.grpc.MethodDescriptor$Marshaller,io.grpc.ClientInterceptor)
    public io.grpc.ClientCall interceptCall(io.grpc.MethodDescriptor,io.grpc.CallOptions,io.grpc.Channel)
io.grpc.ClientInterceptors$2:
    public boolean isReady()
io.grpc.ClientInterceptors$CheckedForwardingClientCall
io.grpc.ClientInterceptors:
    private void <init>()
    static synthetic io.grpc.ClientCall access$100()
    public static varargs io.grpc.Channel intercept(io.grpc.Channel,io.grpc.ClientInterceptor[])
    public static io.grpc.Channel interceptForward(io.grpc.Channel,java.util.List)
    public static varargs io.grpc.Channel interceptForward(io.grpc.Channel,io.grpc.ClientInterceptor[])
    static io.grpc.ClientInterceptor wrapClientInterceptor(io.grpc.ClientInterceptor,io.grpc.MethodDescriptor$Marshaller,io.grpc.MethodDescriptor$Marshaller)
io.grpc.ClientStreamTracer$StreamInfo:
    public io.grpc.CallOptions getCallOptions()
    public int getPreviousAttempts()
    public boolean isTransparentRetry()
    public io.grpc.ClientStreamTracer$StreamInfo$Builder toBuilder()
io.grpc.CompositeChannelCredentials
io.grpc.CompressorRegistry:
    public static io.grpc.CompressorRegistry newEmptyInstance()
    public void register(io.grpc.Compressor)
io.grpc.Context$1
io.grpc.Context$1CurrentContextExecutor
io.grpc.Context$1FixedContextExecutor
io.grpc.Context$2
io.grpc.Context$CanIgnoreReturnValue
io.grpc.Context$CancellableContext$1CancelOnExpiration